<?xml version="1.0" encoding="UTF-8"?>
<!-- Generated by org.testng.reporters.JUnitReportReporter -->
<testsuite hostname="DESKTOP-DLML5Q0" failures="0" tests="2" name="cucumberOptions.TestRunner" time="11.215" errors="0" timestamp="2025-04-27T11:42:04 IST" skipped="0">
  <testcase classname="cucumberOptions.TestRunner" name="runScenario" time="4.904"/>
  <testcase classname="cucumberOptions.TestRunner" name="runScenario" time="6.311"/>
</testsuite> <!-- cucumberOptions.TestRunner -->
